<?xml version="1.0" encoding="UTF-8"?>
<testsuite xmlns:xsi="http://www.w3.org/2001/XMLSchema-instance" xsi:noNamespaceSchemaLocation="https://maven.apache.org/surefire/maven-surefire-plugin/xsd/surefire-test-report-3.0.xsd" version="3.0" name="TestSuite" time="49.836" tests="6" errors="0" skipped="0" failures="0">
  <properties>
    <property name="sun.desktop" value="windows"/>
    <property name="awt.toolkit" value="sun.awt.windows.WToolkit"/>
    <property name="file.encoding.pkg" value="sun.io"/>
    <property name="java.specification.version" value="1.8"/>
    <property name="sun.cpu.isalist" value="amd64"/>
    <property name="sun.jnu.encoding" value="Cp1252"/>
    <property name="java.class.path" value="C:\Users\Ranjodhbir.Kaur\eclipse-workspace\DDMaven1\target\test-classes;C:\Users\Ranjodhbir.Kaur\eclipse-workspace\DDMaven1\target\classes;C:\Users\Ranjodhbir.Kaur\.m2\repository\com\google\guava\guava\24.0-jre\guava-24.0-jre.jar;C:\Users\Ranjodhbir.Kaur\.m2\repository\com\google\code\findbugs\jsr305\1.3.9\jsr305-1.3.9.jar;C:\Users\Ranjodhbir.Kaur\.m2\repository\org\checkerframework\checker-compat-qual\2.0.0\checker-compat-qual-2.0.0.jar;C:\Users\Ranjodhbir.Kaur\.m2\repository\com\google\errorprone\error_prone_annotations\2.1.3\error_prone_annotations-2.1.3.jar;C:\Users\Ranjodhbir.Kaur\.m2\repository\com\google\j2objc\j2objc-annotations\1.1\j2objc-annotations-1.1.jar;C:\Users\Ranjodhbir.Kaur\.m2\repository\org\codehaus\mojo\animal-sniffer-annotations\1.14\animal-sniffer-annotations-1.14.jar;C:\Users\Ranjodhbir.Kaur\.m2\repository\org\uncommons\reportng\1.1.4\reportng-1.1.4.jar;C:\Users\Ranjodhbir.Kaur\.m2\repository\velocity\velocity\1.4\velocity-1.4.jar;C:\Users\Ranjodhbir.Kaur\.m2\repository\velocity\velocity-dep\1.4\velocity-dep-1.4.jar;C:\Users\Ranjodhbir.Kaur\.m2\repository\com\google\inject\guice\4.2.2\guice-4.2.2.jar;C:\Users\Ranjodhbir.Kaur\.m2\repository\javax\inject\javax.inject\1\javax.inject-1.jar;C:\Users\Ranjodhbir.Kaur\.m2\repository\aopalliance\aopalliance\1.0\aopalliance-1.0.jar;C:\Users\Ranjodhbir.Kaur\.m2\repository\org\testng\testng\6.11\testng-6.11.jar;C:\Users\Ranjodhbir.Kaur\.m2\repository\com\beust\jcommander\1.64\jcommander-1.64.jar;C:\Users\Ranjodhbir.Kaur\.m2\repository\org\yaml\snakeyaml\1.17\snakeyaml-1.17.jar;C:\Users\Ranjodhbir.Kaur\.m2\repository\javax\mail\mail\1.4.7\mail-1.4.7.jar;C:\Users\Ranjodhbir.Kaur\.m2\repository\javax\activation\activation\1.1\activation-1.1.jar;C:\Users\Ranjodhbir.Kaur\.m2\repository\org\seleniumhq\selenium\selenium-java\3.10.0\selenium-java-3.10.0.jar;C:\Users\Ranjodhbir.Kaur\.m2\repository\org\seleniumhq\selenium\selenium-api\3.10.0\selenium-api-3.10.0.jar;C:\Users\Ranjodhbir.Kaur\.m2\repository\org\seleniumhq\selenium\selenium-edge-driver\3.10.0\selenium-edge-driver-3.10.0.jar;C:\Users\Ranjodhbir.Kaur\.m2\repository\org\seleniumhq\selenium\selenium-ie-driver\3.10.0\selenium-ie-driver-3.10.0.jar;C:\Users\Ranjodhbir.Kaur\.m2\repository\org\seleniumhq\selenium\selenium-opera-driver\3.10.0\selenium-opera-driver-3.10.0.jar;C:\Users\Ranjodhbir.Kaur\.m2\repository\org\seleniumhq\selenium\selenium-remote-driver\3.10.0\selenium-remote-driver-3.10.0.jar;C:\Users\Ranjodhbir.Kaur\.m2\repository\org\seleniumhq\selenium\selenium-safari-driver\3.10.0\selenium-safari-driver-3.10.0.jar;C:\Users\Ranjodhbir.Kaur\.m2\repository\org\seleniumhq\selenium\selenium-support\3.10.0\selenium-support-3.10.0.jar;C:\Users\Ranjodhbir.Kaur\.m2\repository\net\bytebuddy\byte-buddy\1.7.9\byte-buddy-1.7.9.jar;C:\Users\Ranjodhbir.Kaur\.m2\repository\org\apache\commons\commons-exec\1.3\commons-exec-1.3.jar;C:\Users\Ranjodhbir.Kaur\.m2\repository\commons-codec\commons-codec\1.10\commons-codec-1.10.jar;C:\Users\Ranjodhbir.Kaur\.m2\repository\commons-logging\commons-logging\1.2\commons-logging-1.2.jar;C:\Users\Ranjodhbir.Kaur\.m2\repository\com\google\code\gson\gson\2.8.2\gson-2.8.2.jar;C:\Users\Ranjodhbir.Kaur\.m2\repository\org\apache\httpcomponents\httpclient\4.5.3\httpclient-4.5.3.jar;C:\Users\Ranjodhbir.Kaur\.m2\repository\org\apache\httpcomponents\httpcore\4.4.6\httpcore-4.4.6.jar;C:\Users\Ranjodhbir.Kaur\.m2\repository\com\squareup\okhttp3\okhttp\3.9.1\okhttp-3.9.1.jar;C:\Users\Ranjodhbir.Kaur\.m2\repository\com\squareup\okio\okio\1.13.0\okio-1.13.0.jar;C:\Users\Ranjodhbir.Kaur\.m2\repository\org\seleniumhq\selenium\selenium-server\3.10.0\selenium-server-3.10.0.jar;C:\Users\Ranjodhbir.Kaur\.m2\repository\org\apache\commons\commons-lang3\3.7\commons-lang3-3.7.jar;C:\Users\Ranjodhbir.Kaur\.m2\repository\org\apache\commons\commons-text\1.1\commons-text-1.1.jar;C:\Users\Ranjodhbir.Kaur\.m2\repository\commons-io\commons-io\2.6\commons-io-2.6.jar;C:\Users\Ranjodhbir.Kaur\.m2\repository\commons-net\commons-net\3.6\commons-net-3.6.jar;C:\Users\Ranjodhbir.Kaur\.m2\repository\org\w3c\css\sac\1.3\sac-1.3.jar;C:\Users\Ranjodhbir.Kaur\.m2\repository\net\sourceforge\cssparser\cssparser\0.9.24\cssparser-0.9.24.jar;C:\Users\Ranjodhbir.Kaur\.m2\repository\net\sourceforge\htmlunit\htmlunit\2.29\htmlunit-2.29.jar;C:\Users\Ranjodhbir.Kaur\.m2\repository\net\sourceforge\htmlunit\htmlunit-core-js\2.28\htmlunit-core-js-2.28.jar;C:\Users\Ranjodhbir.Kaur\.m2\repository\net\sourceforge\htmlunit\neko-htmlunit\2.28\neko-htmlunit-2.28.jar;C:\Users\Ranjodhbir.Kaur\.m2\repository\org\apache\httpcomponents\httpmime\4.5.3\httpmime-4.5.3.jar;C:\Users\Ranjodhbir.Kaur\.m2\repository\net\jcip\jcip-annotations\1.0\jcip-annotations-1.0.jar;C:\Users\Ranjodhbir.Kaur\.m2\repository\org\seleniumhq\selenium\jetty-repacked\9.4.7.v20171121\jetty-repacked-9.4.7.v20171121.jar;C:\Users\Ranjodhbir.Kaur\.m2\repository\org\eclipse\jetty\jetty-client\9.4.7.v20170914\jetty-client-9.4.7.v20170914.jar;C:\Users\Ranjodhbir.Kaur\.m2\repository\org\eclipse\jetty\jetty-http\9.4.8.v20171121\jetty-http-9.4.8.v20171121.jar;C:\Users\Ranjodhbir.Kaur\.m2\repository\org\eclipse\jetty\jetty-io\9.4.8.v20171121\jetty-io-9.4.8.v20171121.jar;C:\Users\Ranjodhbir.Kaur\.m2\repository\org\eclipse\jetty\jetty-util\9.4.8.v20171121\jetty-util-9.4.8.v20171121.jar;C:\Users\Ranjodhbir.Kaur\.m2\repository\org\eclipse\jetty\jetty-xml\9.4.7.v20170914\jetty-xml-9.4.7.v20170914.jar;C:\Users\Ranjodhbir.Kaur\.m2\repository\org\seleniumhq\selenium\htmlunit-driver\2.29.0\htmlunit-driver-2.29.0.jar;C:\Users\Ranjodhbir.Kaur\.m2\repository\javax\servlet\javax.servlet-api\3.1.0\javax.servlet-api-3.1.0.jar;C:\Users\Ranjodhbir.Kaur\.m2\repository\org\eclipse\jetty\websocket\websocket-api\9.4.7.v20170914\websocket-api-9.4.7.v20170914.jar;C:\Users\Ranjodhbir.Kaur\.m2\repository\org\eclipse\jetty\websocket\websocket-client\9.4.7.v20170914\websocket-client-9.4.7.v20170914.jar;C:\Users\Ranjodhbir.Kaur\.m2\repository\org\eclipse\jetty\websocket\websocket-common\9.4.7.v20170914\websocket-common-9.4.7.v20170914.jar;C:\Users\Ranjodhbir.Kaur\.m2\repository\xalan\serializer\2.7.2\serializer-2.7.2.jar;C:\Users\Ranjodhbir.Kaur\.m2\repository\xalan\xalan\2.7.2\xalan-2.7.2.jar;C:\Users\Ranjodhbir.Kaur\.m2\repository\xerces\xercesImpl\2.11.0\xercesImpl-2.11.0.jar;C:\Users\Ranjodhbir.Kaur\.m2\repository\xml-apis\xml-apis\1.4.01\xml-apis-1.4.01.jar;C:\Users\Ranjodhbir.Kaur\.m2\repository\org\seleniumhq\selenium\selenium-chrome-driver\3.10.0\selenium-chrome-driver-3.10.0.jar;C:\Users\Ranjodhbir.Kaur\.m2\repository\org\seleniumhq\selenium\selenium-firefox-driver\3.10.0\selenium-firefox-driver-3.10.0.jar;C:\Users\Ranjodhbir.Kaur\.m2\repository\log4j\log4j\1.2.17\log4j-1.2.17.jar;C:\Users\Ranjodhbir.Kaur\.m2\repository\org\apache\poi\poi\4.0.0\poi-4.0.0.jar;C:\Users\Ranjodhbir.Kaur\.m2\repository\org\apache\commons\commons-collections4\4.2\commons-collections4-4.2.jar;C:\Users\Ranjodhbir.Kaur\.m2\repository\org\apache\maven\plugins\maven-surefire-plugin\2.22.1\maven-surefire-plugin-2.22.1.jar;C:\Users\Ranjodhbir.Kaur\.m2\repository\org\apache\maven\surefire\maven-surefire-common\2.22.1\maven-surefire-common-2.22.1.jar;C:\Users\Ranjodhbir.Kaur\.m2\repository\org\apache\maven\maven-plugin-api\2.2.1\maven-plugin-api-2.2.1.jar;C:\Users\Ranjodhbir.Kaur\.m2\repository\org\apache\maven\plugin-tools\maven-plugin-annotations\3.5.2\maven-plugin-annotations-3.5.2.jar;C:\Users\Ranjodhbir.Kaur\.m2\repository\org\apache\maven\surefire\surefire-api\2.22.1\surefire-api-2.22.1.jar;C:\Users\Ranjodhbir.Kaur\.m2\repository\org\apache\maven\surefire\surefire-logger-api\2.22.1\surefire-logger-api-2.22.1.jar;C:\Users\Ranjodhbir.Kaur\.m2\repository\org\apache\maven\surefire\surefire-booter\2.22.1\surefire-booter-2.22.1.jar;C:\Users\Ranjodhbir.Kaur\.m2\repository\org\apache\maven\maven-artifact\2.2.1\maven-artifact-2.2.1.jar;C:\Users\Ranjodhbir.Kaur\.m2\repository\org\codehaus\plexus\plexus-utils\1.5.15\plexus-utils-1.5.15.jar;C:\Users\Ranjodhbir.Kaur\.m2\repository\org\apache\maven\maven-plugin-descriptor\2.2.1\maven-plugin-descriptor-2.2.1.jar;C:\Users\Ranjodhbir.Kaur\.m2\repository\org\codehaus\plexus\plexus-container-default\1.0-alpha-9-stable-1\plexus-container-default-1.0-alpha-9-stable-1.jar;C:\Users\Ranjodhbir.Kaur\.m2\repository\junit\junit\3.8.1\junit-3.8.1.jar;C:\Users\Ranjodhbir.Kaur\.m2\repository\org\apache\maven\maven-project\2.2.1\maven-project-2.2.1.jar;C:\Users\Ranjodhbir.Kaur\.m2\repository\org\apache\maven\maven-settings\2.2.1\maven-settings-2.2.1.jar;C:\Users\Ranjodhbir.Kaur\.m2\repository\org\apache\maven\maven-profile\2.2.1\maven-profile-2.2.1.jar;C:\Users\Ranjodhbir.Kaur\.m2\repository\org\apache\maven\maven-artifact-manager\2.2.1\maven-artifact-manager-2.2.1.jar;C:\Users\Ranjodhbir.Kaur\.m2\repository\backport-util-concurrent\backport-util-concurrent\3.1\backport-util-concurrent-3.1.jar;C:\Users\Ranjodhbir.Kaur\.m2\repository\org\apache\maven\maven-plugin-registry\2.2.1\maven-plugin-registry-2.2.1.jar;C:\Users\Ranjodhbir.Kaur\.m2\repository\org\codehaus\plexus\plexus-interpolation\1.11\plexus-interpolation-1.11.jar;C:\Users\Ranjodhbir.Kaur\.m2\repository\org\apache\maven\maven-model\2.2.1\maven-model-2.2.1.jar;C:\Users\Ranjodhbir.Kaur\.m2\repository\org\apache\maven\maven-core\2.2.1\maven-core-2.2.1.jar;C:\Users\Ranjodhbir.Kaur\.m2\repository\org\apache\maven\maven-plugin-parameter-documenter\2.2.1\maven-plugin-parameter-documenter-2.2.1.jar;C:\Users\Ranjodhbir.Kaur\.m2\repository\org\apache\maven\wagon\wagon-http\1.0-beta-6\wagon-http-1.0-beta-6.jar;C:\Users\Ranjodhbir.Kaur\.m2\repository\org\apache\maven\wagon\wagon-http-shared\1.0-beta-6\wagon-http-shared-1.0-beta-6.jar;C:\Users\Ranjodhbir.Kaur\.m2\repository\nekohtml\xercesMinimal\1.9.6.2\xercesMinimal-1.9.6.2.jar;C:\Users\Ranjodhbir.Kaur\.m2\repository\nekohtml\nekohtml\1.9.6.2\nekohtml-1.9.6.2.jar;C:\Users\Ranjodhbir.Kaur\.m2\repository\commons-httpclient\commons-httpclient\3.1\commons-httpclient-3.1.jar;C:\Users\Ranjodhbir.Kaur\.m2\repository\org\apache\maven\wagon\wagon-webdav-jackrabbit\1.0-beta-6\wagon-webdav-jackrabbit-1.0-beta-6.jar;C:\Users\Ranjodhbir.Kaur\.m2\repository\org\apache\jackrabbit\jackrabbit-webdav\1.5.0\jackrabbit-webdav-1.5.0.jar;C:\Users\Ranjodhbir.Kaur\.m2\repository\org\apache\jackrabbit\jackrabbit-jcr-commons\1.5.0\jackrabbit-jcr-commons-1.5.0.jar;C:\Users\Ranjodhbir.Kaur\.m2\repository\org\slf4j\slf4j-nop\1.5.3\slf4j-nop-1.5.3.jar;C:\Users\Ranjodhbir.Kaur\.m2\repository\org\slf4j\slf4j-jdk14\1.5.6\slf4j-jdk14-1.5.6.jar;C:\Users\Ranjodhbir.Kaur\.m2\repository\org\slf4j\slf4j-api\1.5.6\slf4j-api-1.5.6.jar;C:\Users\Ranjodhbir.Kaur\.m2\repository\org\slf4j\jcl-over-slf4j\1.5.6\jcl-over-slf4j-1.5.6.jar;C:\Users\Ranjodhbir.Kaur\.m2\repository\org\apache\maven\reporting\maven-reporting-api\2.2.1\maven-reporting-api-2.2.1.jar;C:\Users\Ranjodhbir.Kaur\.m2\repository\org\apache\maven\doxia\doxia-logging-api\1.1\doxia-logging-api-1.1.jar;C:\Users\Ranjodhbir.Kaur\.m2\repository\org\apache\maven\wagon\wagon-provider-api\1.0-beta-6\wagon-provider-api-1.0-beta-6.jar;C:\Users\Ranjodhbir.Kaur\.m2\repository\org\apache\maven\maven-repository-metadata\2.2.1\maven-repository-metadata-2.2.1.jar;C:\Users\Ranjodhbir.Kaur\.m2\repository\org\apache\maven\maven-error-diagnostics\2.2.1\maven-error-diagnostics-2.2.1.jar;C:\Users\Ranjodhbir.Kaur\.m2\repository\org\apache\maven\maven-monitor\2.2.1\maven-monitor-2.2.1.jar;C:\Users\Ranjodhbir.Kaur\.m2\repository\classworlds\classworlds\1.1\classworlds-1.1.jar;C:\Users\Ranjodhbir.Kaur\.m2\repository\org\sonatype\plexus\plexus-sec-dispatcher\1.3\plexus-sec-dispatcher-1.3.jar;C:\Users\Ranjodhbir.Kaur\.m2\repository\org\sonatype\plexus\plexus-cipher\1.4\plexus-cipher-1.4.jar;C:\Users\Ranjodhbir.Kaur\.m2\repository\org\apache\maven\maven-toolchain\2.2.1\maven-toolchain-2.2.1.jar;C:\Users\Ranjodhbir.Kaur\.m2\repository\org\codehaus\plexus\plexus-java\0.9.10\plexus-java-0.9.10.jar;C:\Users\Ranjodhbir.Kaur\.m2\repository\org\ow2\asm\asm\6.2\asm-6.2.jar;C:\Users\Ranjodhbir.Kaur\.m2\repository\com\thoughtworks\qdox\qdox\2.0-M8\qdox-2.0-M8.jar;C:\Users\Ranjodhbir.Kaur\.m2\repository\org\apache\poi\poi-ooxml\4.0.0\poi-ooxml-4.0.0.jar;C:\Users\Ranjodhbir.Kaur\.m2\repository\org\apache\poi\poi-ooxml-schemas\4.0.0\poi-ooxml-schemas-4.0.0.jar;C:\Users\Ranjodhbir.Kaur\.m2\repository\org\apache\xmlbeans\xmlbeans\3.0.1\xmlbeans-3.0.1.jar;C:\Users\Ranjodhbir.Kaur\.m2\repository\org\apache\commons\commons-compress\1.18\commons-compress-1.18.jar;C:\Users\Ranjodhbir.Kaur\.m2\repository\com\github\virtuald\curvesapi\1.04\curvesapi-1.04.jar;C:\Users\Ranjodhbir.Kaur\.m2\repository\org\apache\poi\poi-scratchpad\3.17\poi-scratchpad-3.17.jar;"/>
    <property name="java.vm.vendor" value="Oracle Corporation"/>
    <property name="sun.arch.data.model" value="64"/>
    <property name="user.variant" value=""/>
    <property name="java.vendor.url" value="http://java.oracle.com/"/>
    <property name="user.timezone" value="Asia/Calcutta"/>
    <property name="java.vm.specification.version" value="1.8"/>
    <property name="os.name" value="Windows 10"/>
    <property name="user.country" value="US"/>
    <property name="sun.java.launcher" value="SUN_STANDARD"/>
    <property name="sun.boot.library.path" value="C:\Program Files\Java\jdk1.8.0_144\jre\bin"/>
    <property name="sun.java.command" value="C:\Users\Ranjodhbir.Kaur\AppData\Local\Temp\surefire461599471111433671\surefirebooter4904792753147222306.jar C:\Users\Ranjodhbir.Kaur\AppData\Local\Temp\surefire461599471111433671 2019-04-12T09-21-08_775-jvmRun1 surefire3584742842463981118tmp surefire_03471718664031816249tmp"/>
    <property name="surefire.test.class.path" value="C:\Users\Ranjodhbir.Kaur\eclipse-workspace\DDMaven1\target\test-classes;C:\Users\Ranjodhbir.Kaur\eclipse-workspace\DDMaven1\target\classes;C:\Users\Ranjodhbir.Kaur\.m2\repository\com\google\guava\guava\24.0-jre\guava-24.0-jre.jar;C:\Users\Ranjodhbir.Kaur\.m2\repository\com\google\code\findbugs\jsr305\1.3.9\jsr305-1.3.9.jar;C:\Users\Ranjodhbir.Kaur\.m2\repository\org\checkerframework\checker-compat-qual\2.0.0\checker-compat-qual-2.0.0.jar;C:\Users\Ranjodhbir.Kaur\.m2\repository\com\google\errorprone\error_prone_annotations\2.1.3\error_prone_annotations-2.1.3.jar;C:\Users\Ranjodhbir.Kaur\.m2\repository\com\google\j2objc\j2objc-annotations\1.1\j2objc-annotations-1.1.jar;C:\Users\Ranjodhbir.Kaur\.m2\repository\org\codehaus\mojo\animal-sniffer-annotations\1.14\animal-sniffer-annotations-1.14.jar;C:\Users\Ranjodhbir.Kaur\.m2\repository\org\uncommons\reportng\1.1.4\reportng-1.1.4.jar;C:\Users\Ranjodhbir.Kaur\.m2\repository\velocity\velocity\1.4\velocity-1.4.jar;C:\Users\Ranjodhbir.Kaur\.m2\repository\velocity\velocity-dep\1.4\velocity-dep-1.4.jar;C:\Users\Ranjodhbir.Kaur\.m2\repository\com\google\inject\guice\4.2.2\guice-4.2.2.jar;C:\Users\Ranjodhbir.Kaur\.m2\repository\javax\inject\javax.inject\1\javax.inject-1.jar;C:\Users\Ranjodhbir.Kaur\.m2\repository\aopalliance\aopalliance\1.0\aopalliance-1.0.jar;C:\Users\Ranjodhbir.Kaur\.m2\repository\org\testng\testng\6.11\testng-6.11.jar;C:\Users\Ranjodhbir.Kaur\.m2\repository\com\beust\jcommander\1.64\jcommander-1.64.jar;C:\Users\Ranjodhbir.Kaur\.m2\repository\org\yaml\snakeyaml\1.17\snakeyaml-1.17.jar;C:\Users\Ranjodhbir.Kaur\.m2\repository\javax\mail\mail\1.4.7\mail-1.4.7.jar;C:\Users\Ranjodhbir.Kaur\.m2\repository\javax\activation\activation\1.1\activation-1.1.jar;C:\Users\Ranjodhbir.Kaur\.m2\repository\org\seleniumhq\selenium\selenium-java\3.10.0\selenium-java-3.10.0.jar;C:\Users\Ranjodhbir.Kaur\.m2\repository\org\seleniumhq\selenium\selenium-api\3.10.0\selenium-api-3.10.0.jar;C:\Users\Ranjodhbir.Kaur\.m2\repository\org\seleniumhq\selenium\selenium-edge-driver\3.10.0\selenium-edge-driver-3.10.0.jar;C:\Users\Ranjodhbir.Kaur\.m2\repository\org\seleniumhq\selenium\selenium-ie-driver\3.10.0\selenium-ie-driver-3.10.0.jar;C:\Users\Ranjodhbir.Kaur\.m2\repository\org\seleniumhq\selenium\selenium-opera-driver\3.10.0\selenium-opera-driver-3.10.0.jar;C:\Users\Ranjodhbir.Kaur\.m2\repository\org\seleniumhq\selenium\selenium-remote-driver\3.10.0\selenium-remote-driver-3.10.0.jar;C:\Users\Ranjodhbir.Kaur\.m2\repository\org\seleniumhq\selenium\selenium-safari-driver\3.10.0\selenium-safari-driver-3.10.0.jar;C:\Users\Ranjodhbir.Kaur\.m2\repository\org\seleniumhq\selenium\selenium-support\3.10.0\selenium-support-3.10.0.jar;C:\Users\Ranjodhbir.Kaur\.m2\repository\net\bytebuddy\byte-buddy\1.7.9\byte-buddy-1.7.9.jar;C:\Users\Ranjodhbir.Kaur\.m2\repository\org\apache\commons\commons-exec\1.3\commons-exec-1.3.jar;C:\Users\Ranjodhbir.Kaur\.m2\repository\commons-codec\commons-codec\1.10\commons-codec-1.10.jar;C:\Users\Ranjodhbir.Kaur\.m2\repository\commons-logging\commons-logging\1.2\commons-logging-1.2.jar;C:\Users\Ranjodhbir.Kaur\.m2\repository\com\google\code\gson\gson\2.8.2\gson-2.8.2.jar;C:\Users\Ranjodhbir.Kaur\.m2\repository\org\apache\httpcomponents\httpclient\4.5.3\httpclient-4.5.3.jar;C:\Users\Ranjodhbir.Kaur\.m2\repository\org\apache\httpcomponents\httpcore\4.4.6\httpcore-4.4.6.jar;C:\Users\Ranjodhbir.Kaur\.m2\repository\com\squareup\okhttp3\okhttp\3.9.1\okhttp-3.9.1.jar;C:\Users\Ranjodhbir.Kaur\.m2\repository\com\squareup\okio\okio\1.13.0\okio-1.13.0.jar;C:\Users\Ranjodhbir.Kaur\.m2\repository\org\seleniumhq\selenium\selenium-server\3.10.0\selenium-server-3.10.0.jar;C:\Users\Ranjodhbir.Kaur\.m2\repository\org\apache\commons\commons-lang3\3.7\commons-lang3-3.7.jar;C:\Users\Ranjodhbir.Kaur\.m2\repository\org\apache\commons\commons-text\1.1\commons-text-1.1.jar;C:\Users\Ranjodhbir.Kaur\.m2\repository\commons-io\commons-io\2.6\commons-io-2.6.jar;C:\Users\Ranjodhbir.Kaur\.m2\repository\commons-net\commons-net\3.6\commons-net-3.6.jar;C:\Users\Ranjodhbir.Kaur\.m2\repository\org\w3c\css\sac\1.3\sac-1.3.jar;C:\Users\Ranjodhbir.Kaur\.m2\repository\net\sourceforge\cssparser\cssparser\0.9.24\cssparser-0.9.24.jar;C:\Users\Ranjodhbir.Kaur\.m2\repository\net\sourceforge\htmlunit\htmlunit\2.29\htmlunit-2.29.jar;C:\Users\Ranjodhbir.Kaur\.m2\repository\net\sourceforge\htmlunit\htmlunit-core-js\2.28\htmlunit-core-js-2.28.jar;C:\Users\Ranjodhbir.Kaur\.m2\repository\net\sourceforge\htmlunit\neko-htmlunit\2.28\neko-htmlunit-2.28.jar;C:\Users\Ranjodhbir.Kaur\.m2\repository\org\apache\httpcomponents\httpmime\4.5.3\httpmime-4.5.3.jar;C:\Users\Ranjodhbir.Kaur\.m2\repository\net\jcip\jcip-annotations\1.0\jcip-annotations-1.0.jar;C:\Users\Ranjodhbir.Kaur\.m2\repository\org\seleniumhq\selenium\jetty-repacked\9.4.7.v20171121\jetty-repacked-9.4.7.v20171121.jar;C:\Users\Ranjodhbir.Kaur\.m2\repository\org\eclipse\jetty\jetty-client\9.4.7.v20170914\jetty-client-9.4.7.v20170914.jar;C:\Users\Ranjodhbir.Kaur\.m2\repository\org\eclipse\jetty\jetty-http\9.4.8.v20171121\jetty-http-9.4.8.v20171121.jar;C:\Users\Ranjodhbir.Kaur\.m2\repository\org\eclipse\jetty\jetty-io\9.4.8.v20171121\jetty-io-9.4.8.v20171121.jar;C:\Users\Ranjodhbir.Kaur\.m2\repository\org\eclipse\jetty\jetty-util\9.4.8.v20171121\jetty-util-9.4.8.v20171121.jar;C:\Users\Ranjodhbir.Kaur\.m2\repository\org\eclipse\jetty\jetty-xml\9.4.7.v20170914\jetty-xml-9.4.7.v20170914.jar;C:\Users\Ranjodhbir.Kaur\.m2\repository\org\seleniumhq\selenium\htmlunit-driver\2.29.0\htmlunit-driver-2.29.0.jar;C:\Users\Ranjodhbir.Kaur\.m2\repository\javax\servlet\javax.servlet-api\3.1.0\javax.servlet-api-3.1.0.jar;C:\Users\Ranjodhbir.Kaur\.m2\repository\org\eclipse\jetty\websocket\websocket-api\9.4.7.v20170914\websocket-api-9.4.7.v20170914.jar;C:\Users\Ranjodhbir.Kaur\.m2\repository\org\eclipse\jetty\websocket\websocket-client\9.4.7.v20170914\websocket-client-9.4.7.v20170914.jar;C:\Users\Ranjodhbir.Kaur\.m2\repository\org\eclipse\jetty\websocket\websocket-common\9.4.7.v20170914\websocket-common-9.4.7.v20170914.jar;C:\Users\Ranjodhbir.Kaur\.m2\repository\xalan\serializer\2.7.2\serializer-2.7.2.jar;C:\Users\Ranjodhbir.Kaur\.m2\repository\xalan\xalan\2.7.2\xalan-2.7.2.jar;C:\Users\Ranjodhbir.Kaur\.m2\repository\xerces\xercesImpl\2.11.0\xercesImpl-2.11.0.jar;C:\Users\Ranjodhbir.Kaur\.m2\repository\xml-apis\xml-apis\1.4.01\xml-apis-1.4.01.jar;C:\Users\Ranjodhbir.Kaur\.m2\repository\org\seleniumhq\selenium\selenium-chrome-driver\3.10.0\selenium-chrome-driver-3.10.0.jar;C:\Users\Ranjodhbir.Kaur\.m2\repository\org\seleniumhq\selenium\selenium-firefox-driver\3.10.0\selenium-firefox-driver-3.10.0.jar;C:\Users\Ranjodhbir.Kaur\.m2\repository\log4j\log4j\1.2.17\log4j-1.2.17.jar;C:\Users\Ranjodhbir.Kaur\.m2\repository\org\apache\poi\poi\4.0.0\poi-4.0.0.jar;C:\Users\Ranjodhbir.Kaur\.m2\repository\org\apache\commons\commons-collections4\4.2\commons-collections4-4.2.jar;C:\Users\Ranjodhbir.Kaur\.m2\repository\org\apache\maven\plugins\maven-surefire-plugin\2.22.1\maven-surefire-plugin-2.22.1.jar;C:\Users\Ranjodhbir.Kaur\.m2\repository\org\apache\maven\surefire\maven-surefire-common\2.22.1\maven-surefire-common-2.22.1.jar;C:\Users\Ranjodhbir.Kaur\.m2\repository\org\apache\maven\maven-plugin-api\2.2.1\maven-plugin-api-2.2.1.jar;C:\Users\Ranjodhbir.Kaur\.m2\repository\org\apache\maven\plugin-tools\maven-plugin-annotations\3.5.2\maven-plugin-annotations-3.5.2.jar;C:\Users\Ranjodhbir.Kaur\.m2\repository\org\apache\maven\surefire\surefire-api\2.22.1\surefire-api-2.22.1.jar;C:\Users\Ranjodhbir.Kaur\.m2\repository\org\apache\maven\surefire\surefire-logger-api\2.22.1\surefire-logger-api-2.22.1.jar;C:\Users\Ranjodhbir.Kaur\.m2\repository\org\apache\maven\surefire\surefire-booter\2.22.1\surefire-booter-2.22.1.jar;C:\Users\Ranjodhbir.Kaur\.m2\repository\org\apache\maven\maven-artifact\2.2.1\maven-artifact-2.2.1.jar;C:\Users\Ranjodhbir.Kaur\.m2\repository\org\codehaus\plexus\plexus-utils\1.5.15\plexus-utils-1.5.15.jar;C:\Users\Ranjodhbir.Kaur\.m2\repository\org\apache\maven\maven-plugin-descriptor\2.2.1\maven-plugin-descriptor-2.2.1.jar;C:\Users\Ranjodhbir.Kaur\.m2\repository\org\codehaus\plexus\plexus-container-default\1.0-alpha-9-stable-1\plexus-container-default-1.0-alpha-9-stable-1.jar;C:\Users\Ranjodhbir.Kaur\.m2\repository\junit\junit\3.8.1\junit-3.8.1.jar;C:\Users\Ranjodhbir.Kaur\.m2\repository\org\apache\maven\maven-project\2.2.1\maven-project-2.2.1.jar;C:\Users\Ranjodhbir.Kaur\.m2\repository\org\apache\maven\maven-settings\2.2.1\maven-settings-2.2.1.jar;C:\Users\Ranjodhbir.Kaur\.m2\repository\org\apache\maven\maven-profile\2.2.1\maven-profile-2.2.1.jar;C:\Users\Ranjodhbir.Kaur\.m2\repository\org\apache\maven\maven-artifact-manager\2.2.1\maven-artifact-manager-2.2.1.jar;C:\Users\Ranjodhbir.Kaur\.m2\repository\backport-util-concurrent\backport-util-concurrent\3.1\backport-util-concurrent-3.1.jar;C:\Users\Ranjodhbir.Kaur\.m2\repository\org\apache\maven\maven-plugin-registry\2.2.1\maven-plugin-registry-2.2.1.jar;C:\Users\Ranjodhbir.Kaur\.m2\repository\org\codehaus\plexus\plexus-interpolation\1.11\plexus-interpolation-1.11.jar;C:\Users\Ranjodhbir.Kaur\.m2\repository\org\apache\maven\maven-model\2.2.1\maven-model-2.2.1.jar;C:\Users\Ranjodhbir.Kaur\.m2\repository\org\apache\maven\maven-core\2.2.1\maven-core-2.2.1.jar;C:\Users\Ranjodhbir.Kaur\.m2\repository\org\apache\maven\maven-plugin-parameter-documenter\2.2.1\maven-plugin-parameter-documenter-2.2.1.jar;C:\Users\Ranjodhbir.Kaur\.m2\repository\org\apache\maven\wagon\wagon-http\1.0-beta-6\wagon-http-1.0-beta-6.jar;C:\Users\Ranjodhbir.Kaur\.m2\repository\org\apache\maven\wagon\wagon-http-shared\1.0-beta-6\wagon-http-shared-1.0-beta-6.jar;C:\Users\Ranjodhbir.Kaur\.m2\repository\nekohtml\xercesMinimal\1.9.6.2\xercesMinimal-1.9.6.2.jar;C:\Users\Ranjodhbir.Kaur\.m2\repository\nekohtml\nekohtml\1.9.6.2\nekohtml-1.9.6.2.jar;C:\Users\Ranjodhbir.Kaur\.m2\repository\commons-httpclient\commons-httpclient\3.1\commons-httpclient-3.1.jar;C:\Users\Ranjodhbir.Kaur\.m2\repository\org\apache\maven\wagon\wagon-webdav-jackrabbit\1.0-beta-6\wagon-webdav-jackrabbit-1.0-beta-6.jar;C:\Users\Ranjodhbir.Kaur\.m2\repository\org\apache\jackrabbit\jackrabbit-webdav\1.5.0\jackrabbit-webdav-1.5.0.jar;C:\Users\Ranjodhbir.Kaur\.m2\repository\org\apache\jackrabbit\jackrabbit-jcr-commons\1.5.0\jackrabbit-jcr-commons-1.5.0.jar;C:\Users\Ranjodhbir.Kaur\.m2\repository\org\slf4j\slf4j-nop\1.5.3\slf4j-nop-1.5.3.jar;C:\Users\Ranjodhbir.Kaur\.m2\repository\org\slf4j\slf4j-jdk14\1.5.6\slf4j-jdk14-1.5.6.jar;C:\Users\Ranjodhbir.Kaur\.m2\repository\org\slf4j\slf4j-api\1.5.6\slf4j-api-1.5.6.jar;C:\Users\Ranjodhbir.Kaur\.m2\repository\org\slf4j\jcl-over-slf4j\1.5.6\jcl-over-slf4j-1.5.6.jar;C:\Users\Ranjodhbir.Kaur\.m2\repository\org\apache\maven\reporting\maven-reporting-api\2.2.1\maven-reporting-api-2.2.1.jar;C:\Users\Ranjodhbir.Kaur\.m2\repository\org\apache\maven\doxia\doxia-logging-api\1.1\doxia-logging-api-1.1.jar;C:\Users\Ranjodhbir.Kaur\.m2\repository\org\apache\maven\wagon\wagon-provider-api\1.0-beta-6\wagon-provider-api-1.0-beta-6.jar;C:\Users\Ranjodhbir.Kaur\.m2\repository\org\apache\maven\maven-repository-metadata\2.2.1\maven-repository-metadata-2.2.1.jar;C:\Users\Ranjodhbir.Kaur\.m2\repository\org\apache\maven\maven-error-diagnostics\2.2.1\maven-error-diagnostics-2.2.1.jar;C:\Users\Ranjodhbir.Kaur\.m2\repository\org\apache\maven\maven-monitor\2.2.1\maven-monitor-2.2.1.jar;C:\Users\Ranjodhbir.Kaur\.m2\repository\classworlds\classworlds\1.1\classworlds-1.1.jar;C:\Users\Ranjodhbir.Kaur\.m2\repository\org\sonatype\plexus\plexus-sec-dispatcher\1.3\plexus-sec-dispatcher-1.3.jar;C:\Users\Ranjodhbir.Kaur\.m2\repository\org\sonatype\plexus\plexus-cipher\1.4\plexus-cipher-1.4.jar;C:\Users\Ranjodhbir.Kaur\.m2\repository\org\apache\maven\maven-toolchain\2.2.1\maven-toolchain-2.2.1.jar;C:\Users\Ranjodhbir.Kaur\.m2\repository\org\codehaus\plexus\plexus-java\0.9.10\plexus-java-0.9.10.jar;C:\Users\Ranjodhbir.Kaur\.m2\repository\org\ow2\asm\asm\6.2\asm-6.2.jar;C:\Users\Ranjodhbir.Kaur\.m2\repository\com\thoughtworks\qdox\qdox\2.0-M8\qdox-2.0-M8.jar;C:\Users\Ranjodhbir.Kaur\.m2\repository\org\apache\poi\poi-ooxml\4.0.0\poi-ooxml-4.0.0.jar;C:\Users\Ranjodhbir.Kaur\.m2\repository\org\apache\poi\poi-ooxml-schemas\4.0.0\poi-ooxml-schemas-4.0.0.jar;C:\Users\Ranjodhbir.Kaur\.m2\repository\org\apache\xmlbeans\xmlbeans\3.0.1\xmlbeans-3.0.1.jar;C:\Users\Ranjodhbir.Kaur\.m2\repository\org\apache\commons\commons-compress\1.18\commons-compress-1.18.jar;C:\Users\Ranjodhbir.Kaur\.m2\repository\com\github\virtuald\curvesapi\1.04\curvesapi-1.04.jar;C:\Users\Ranjodhbir.Kaur\.m2\repository\org\apache\poi\poi-scratchpad\3.17\poi-scratchpad-3.17.jar;"/>
    <property name="sun.cpu.endian" value="little"/>
    <property name="user.home" value="C:\Users\Ranjodhbir.Kaur"/>
    <property name="user.language" value="en"/>
    <property name="java.specification.vendor" value="Oracle Corporation"/>
    <property name="java.home" value="C:\Program Files\Java\jdk1.8.0_144\jre"/>
    <property name="basedir" value="C:\Users\Ranjodhbir.Kaur\eclipse-workspace\DDMaven1"/>
    <property name="file.separator" value="\"/>
    <property name="line.separator" value="&#10;"/>
    <property name="java.vm.specification.vendor" value="Oracle Corporation"/>
    <property name="java.specification.name" value="Java Platform API Specification"/>
    <property name="java.awt.graphicsenv" value="sun.awt.Win32GraphicsEnvironment"/>
    <property name="surefire.real.class.path" value="C:\Users\Ranjodhbir.Kaur\AppData\Local\Temp\surefire461599471111433671\surefirebooter4904792753147222306.jar"/>
    <property name="sun.boot.class.path" value="C:\Program Files\Java\jdk1.8.0_144\jre\lib\resources.jar;C:\Program Files\Java\jdk1.8.0_144\jre\lib\rt.jar;C:\Program Files\Java\jdk1.8.0_144\jre\lib\sunrsasign.jar;C:\Program Files\Java\jdk1.8.0_144\jre\lib\jsse.jar;C:\Program Files\Java\jdk1.8.0_144\jre\lib\jce.jar;C:\Program Files\Java\jdk1.8.0_144\jre\lib\charsets.jar;C:\Program Files\Java\jdk1.8.0_144\jre\lib\jfr.jar;C:\Program Files\Java\jdk1.8.0_144\jre\classes"/>
    <property name="user.script" value=""/>
    <property name="sun.management.compiler" value="HotSpot 64-Bit Tiered Compilers"/>
    <property name="java.runtime.version" value="1.8.0_144-b01"/>
    <property name="user.name" value="ranjodhbir.kaur"/>
    <property name="path.separator" value=";"/>
    <property name="os.version" value="10.0"/>
    <property name="java.endorsed.dirs" value="C:\Program Files\Java\jdk1.8.0_144\jre\lib\endorsed"/>
    <property name="java.runtime.name" value="Java(TM) SE Runtime Environment"/>
    <property name="file.encoding" value="Cp1252"/>
    <property name="java.vm.name" value="Java HotSpot(TM) 64-Bit Server VM"/>
    <property name="localRepository" value="C:\Users\Ranjodhbir.Kaur\.m2\repository"/>
    <property name="java.vendor.url.bug" value="http://bugreport.sun.com/bugreport/"/>
    <property name="java.io.tmpdir" value="C:\Users\RANJOD~1.KAU\AppData\Local\Temp\"/>
    <property name="java.version" value="1.8.0_144"/>
    <property name="user.dir" value="C:\Users\Ranjodhbir.Kaur\eclipse-workspace\DDMaven1"/>
    <property name="os.arch" value="amd64"/>
    <property name="java.vm.specification.name" value="Java Virtual Machine Specification"/>
    <property name="java.awt.printerjob" value="sun.awt.windows.WPrinterJob"/>
    <property name="sun.os.patch.level" value=""/>
    <property name="java.library.path" value="C:\Program Files\Java\jdk1.8.0_144\jre\bin;C:\WINDOWS\Sun\Java\bin;C:\WINDOWS\system32;C:\WINDOWS;C:\Users\Ranjodhbir.Kaur\Downloads\Selenium\apache-maven-3.6.0-bin\apache-maven-3.6.0/bin;C:\Program Files\Java\jdk1.8.0_144/bin;C:\Program Files\Java\jdk1.8.0_144/bin;C:\ProgramData\Oracle\Java\javapath;C:\WINDOWS\system32;C:\WINDOWS;C:\WINDOWS\System32\Wbem;C:\WINDOWS\System32\WindowsPowerShell\v1.0\;C:\Program Files\TortoiseSVN\bin;C:\Program Files\nodejs\;C:\Program Files\Java\jdk1.8.0_144\bin;C:\Users\Ranjodhbir.Kaur\Downloads\Selenium\apache-maven-3.6.0-bin\apache-maven-3.6.0\bin;C:\Program Files\Git\cmd;C:\ProgramData\Oracle\Java\javapath;C:\WINDOWS\system32;C:\WINDOWS;C:\WINDOWS\System32\Wbem;C:\WINDOWS\System32\WindowsPowerShell\v1.0\;C:\Program Files\TortoiseSVN\bin;C:\Program Files\nodejs\;C:\Program Files\Java\jdk1.8.0_144\bin;C:\Users\Ranjodhbir.Kaur\Downloads\Selenium\apache-maven-3.6.0-bin\apache-maven-3.6.0\bin;C:\Program Files\Git\cmd;C:\Program Files (x86)\OpenVPN\bin;C:\Users\Ranjodhbir.Kaur\AppData\Roaming\npm;C:\Users\Ranjodhbir.Kaur\AppData\Local\Turbo\Cmd\;C:\Users\Ranjodhbir.Kaur\AppData\Local\Microsoft\WindowsApps;."/>
    <property name="java.vm.info" value="mixed mode"/>
    <property name="java.vendor" value="Oracle Corporation"/>
    <property name="java.vm.version" value="25.144-b01"/>
    <property name="java.ext.dirs" value="C:\Program Files\Java\jdk1.8.0_144\jre\lib\ext;C:\WINDOWS\Sun\Java\lib\ext"/>
    <property name="sun.io.unicode.encoding" value="UnicodeLittle"/>
    <property name="java.class.version" value="52.0"/>
  </properties>
  <testcase name="f" classname="testcases.TestCase1" time="0.001"/>
  <testcase name="b" classname="testcases.TestCase1" time="0.002"/>
  <testcase name="beforeTest" classname="testcases.TestCase1" time="0.002"/>
  <testcase name="login" classname="testcases.LoginTest" time="0.066"/>
  <testcase name="getData" classname="testcases.OpenAccount1Test" time="40.327"/>
  <testcase name="getData" classname="testcases.AddCustomerTest" time="40.444"/>
</testsuite>