<?xml version="1.0" encoding="UTF-8"?>
<!-- Generated by org.testng.reporters.JUnitReportReporter -->
<testsuite skipped="0" hostname="C40GF127BTRIN" name="testcases.AddCustomerTest" tests="3" failures="0" timestamp="08 Apr 2019 05:37:11 GMT" time="0.008" errors="0">
  <testcase name="getData" time="0.000" classname="testcases.AddCustomerTest"/>
  <testcase name="getData" time="0.000" classname="testcases.AddCustomerTest"/>
  <testcase name="getData" time="0.008" classname="testcases.AddCustomerTest"/>
</testsuite> <!-- testcases.AddCustomerTest -->
