<?xml version="1.0" encoding="UTF-8"?>
<!-- Generated by org.testng.reporters.JUnitReportReporter -->
<testsuite skipped="0" hostname="C40GF127BTRIN" name="testcases.OpenAccount" tests="1" failures="0" timestamp="10 Apr 2019 05:25:59 GMT" time="40.424" errors="0">
  <testcase name="getData" time="40.424" classname="testcases.OpenAccount"/>
</testsuite> <!-- testcases.OpenAccount -->
