<?xml version="1.0" encoding="UTF-8"?>
<!-- Generated by org.testng.reporters.JUnitReportReporter -->
<testsuite skipped="0" hostname="C40GF127BTRIN" name="testcases.LoginTest" tests="1" failures="0" timestamp="08 Apr 2019 05:37:11 GMT" time="0.032" errors="0">
  <testcase name="login" time="0.032" classname="testcases.LoginTest"/>
</testsuite> <!-- testcases.LoginTest -->
