<?xml version="1.0" encoding="UTF-8"?>
<!-- Generated by org.testng.reporters.JUnitReportReporter -->
<testsuite skipped="0" hostname="C40GF127BTRIN" name="testcases.LoginTest" tests="1" failures="0" timestamp="12 Apr 2019 03:51:59 GMT" time="0.066" errors="0">
  <testcase name="login" time="0.066" classname="testcases.LoginTest"/>
</testsuite> <!-- testcases.LoginTest -->
