<?xml version="1.0" encoding="UTF-8"?>
<!-- Generated by org.testng.reporters.JUnitReportReporter -->
<testsuite skipped="0" hostname="C40GF127BTRIN" name="testcases.TestCase1" tests="3" failures="0" timestamp="08 Apr 2019 06:13:15 GMT" time="0.000" errors="0">
  <testcase name="beforeTest" time="0.000" classname="testcases.TestCase1"/>
  <testcase name="b" time="0.000" classname="testcases.TestCase1"/>
  <testcase name="f" time="0.000" classname="testcases.TestCase1"/>
</testsuite> <!-- testcases.TestCase1 -->
