<?xml version="1.0" encoding="UTF-8"?>
<!-- Generated by org.testng.reporters.JUnitReportReporter -->
<testsuite skipped="0" hostname="C40GF127BTRIN" name="testcases.TestCase1" tests="3" failures="0" timestamp="12 Apr 2019 03:51:59 GMT" time="0.003" errors="0">
  <testcase name="beforeTest" time="0.001" classname="testcases.TestCase1"/>
  <testcase name="f" time="0.001" classname="testcases.TestCase1"/>
  <testcase name="b" time="0.001" classname="testcases.TestCase1"/>
</testsuite> <!-- testcases.TestCase1 -->
